<?xml version="1.0" encoding="UTF-8"?>
<testsuite name="com.masteringselenium.BasicTestWD" time="82.051" tests="10" errors="0" skipped="0" failures="0">
  <properties>
[...]
</properties>
  <testcase name="googleCheeseExample111" classname="com.masteringselenium.BasicTestWD" time="22.963"/>
  <testcase name="googleCheeseExample11" classname="com.masteringselenium.BasicTestWD" time="23.331"/>
  <testcase name="googleCheeseExample" classname="com.masteringselenium.BasicTestWD" time="24.806"/>
  <testcase name="googleCheeseExample111141111" classname="com.masteringselenium.BasicTestWD" time="1.181"/>
  <testcase name="googleCheeseExample111161" classname="com.masteringselenium.BasicTestWD" time="1.775"/>
  <testcase name="googleMilkExample1" classname="com.masteringselenium.BasicTestWD" time="2.836"/>
  <testcase name="googleMilkExample1111" classname="com.masteringselenium.BasicTestWD" time="1.131"/>
  <testcase name="googleMilkExample1111151111" classname="com.masteringselenium.BasicTestWD" time="1.62"/>
  <testcase name="googleMilkExample11131111" classname="com.masteringselenium.BasicTestWD" time="0.745"/>
  <testcase name="googleMilkExample2111" classname="com.masteringselenium.BasicTestWD" time="1.663"/>
</testsuite>