<?xml version="1.0" encoding="UTF-8"?>
<!-- Generated by org.testng.reporters.JUnitXMLReporter -->
<testsuite hostname="marpesia" name="Surefire test" tests="10" failures="0" timestamp="13 May 2018 02:15:13 GMT" time="40.117" errors="0">
  <testcase name="googleCheeseExample111" time="22.958" classname="com.masteringselenium.BasicTestWD"/>
  <testcase name="googleCheeseExample11" time="23.329" classname="com.masteringselenium.BasicTestWD"/>
  <testcase name="googleCheeseExample" time="24.802" classname="com.masteringselenium.BasicTestWD"/>
  <testcase name="googleCheeseExample111141111" time="2.431" classname="com.masteringselenium.BasicTestWD"/>
  <testcase name="googleCheeseExample111161" time="2.488" classname="com.masteringselenium.BasicTestWD"/>
  <testcase name="googleMilkExample1" time="2.836" classname="com.masteringselenium.BasicTestWD"/>
  <testcase name="googleMilkExample1111" time="2.532" classname="com.masteringselenium.BasicTestWD"/>
  <testcase name="googleMilkExample1111151111" time="2.966" classname="com.masteringselenium.BasicTestWD"/>
  <testcase name="googleMilkExample11131111" time="3.086" classname="com.masteringselenium.BasicTestWD"/>
  <testcase name="googleMilkExample2111" time="1.662" classname="com.masteringselenium.BasicTestWD"/>
</testsuite> <!-- Surefire test -->
